<?xml version="1.0" encoding="UTF-8"?>
<!-- Generated by org.testng.reporters.JUnitReportReporter -->
<testsuite hostname="itsupportblrs-MacBook-Pro-19.local" name="goeuro.search.sort.MainTest" tests="1" failures="0" timestamp="21 Jun 2016 09:17:58 GMT" time="30.964" errors="0">
  <testcase name="Test_For_Train_PriceList" time="30.964" classname="goeuro.search.sort.MainTest"/>
</testsuite> <!-- goeuro.search.sort.MainTest -->
