<?xml version="1.0" encoding="UTF-8"?>
<!-- Generated by org.testng.reporters.JUnitReportReporter -->
<testsuite hostname="itsupportblrs-MacBook-Pro-19.local" name="goeuro.page.object.MainTest" tests="1" failures="0" timestamp="18 Jun 2016 13:16:01 GMT" time="13.709" errors="0">
  <testcase name="search_For_Flight" time="13.709" classname="goeuro.page.object.MainTest"/>
</testsuite> <!-- goeuro.page.object.MainTest -->
